<?xml version="1.0" encoding="UTF-8"?>
<!-- Generated by org.testng.reporters.JUnitXMLReporter -->
<testsuite ignored="0" hostname="Neethas-MacBook-Pro.local" failures="0" tests="10" name="Command line test" time="72.982" errors="0" timestamp="2021-03-14T20:27:39 IST">
  <testcase classname="Test.completeTest" name="login" time="4.08"/>
  <testcase classname="Test.completeTest" name="searchRuby" time="2.194"/>
  <testcase classname="Test.completeTest" name="Filter" time="1.667"/>
  <testcase classname="Test.completeTest" name="removeItemsFromCart" time="12.501"/>
  <testcase classname="Test.completeTest" name="addProductsToCart" time="7.285"/>
  <testcase classname="Test.AllTest" name="login" time="3.289"/>
  <testcase classname="Test.AllTest" name="searchRuby" time="2.062"/>
  <testcase classname="Test.AllTest" name="Filter" time="1.664"/>
  <testcase classname="Test.AllTest" name="removeItemsFromCart" time="11.851"/>
  <testcase classname="Test.AllTest" name="addProductsToCart" time="8.916"/>
</testsuite> <!-- Command line test -->
