<?xml version="1.0" encoding="UTF-8"?>
<!-- Generated by org.testng.reporters.JUnitXMLReporter -->
<testsuite ignored="0" hostname="Neethas-MacBook-Pro.local" failures="0" tests="5" name="Command line test" time="59.998" errors="0" timestamp="2021-03-12T08:15:56 IST">
  <testcase classname="Test.clearCartTest" name="removeItemsFromCart" time="19.969"/>
  <testcase classname="Test.verifySearchTest" name="searchRuby" time="2.497"/>
  <testcase classname="Test.verifyFilterTest" name="Filter" time="2.244"/>
  <testcase classname="Test.addToCartTest" name="addProductsToCart" time="11.631"/>
  <testcase classname="Test.verifyLoginTest" name="login" time="4.166"/>
</testsuite> <!-- Command line test -->
