<?xml version="1.0" encoding="UTF-8"?>
<testng-results ignored="0" total="5" passed="5" failed="0" skipped="0">
  <reporter-output>
    <line>
      <![CDATA[<img src='/Users/neethamariamathew/FrameworkSample/20210312_081547.png']]>
    </line>
  </reporter-output>
  <suite started-at="2021-03-12T08:14:51 IST" name="Command line suite" finished-at="2021-03-12T08:15:51 IST" duration-ms="59998">
    <groups>
    </groups>
    <test started-at="2021-03-12T08:14:51 IST" name="Command line test" finished-at="2021-03-12T08:15:51 IST" duration-ms="59998">
      <class name="Test.addToCartTest">
        <test-method is-config="true" signature="setDriver()[pri:0, instance:Test.addToCartTest@2a70a3d8]" started-at="2021-03-12T08:15:28 IST" name="setDriver" finished-at="2021-03-12T08:15:29 IST" duration-ms="1048" status="PASS">
          <reporter-output>
          </reporter-output>
        </test-method> <!-- setDriver -->
        <test-method is-config="true" signature="setURL()[pri:0, instance:Test.addToCartTest@2a70a3d8]" started-at="2021-03-12T08:15:29 IST" name="setURL" finished-at="2021-03-12T08:15:31 IST" duration-ms="2520" status="PASS">
          <reporter-output>
          </reporter-output>
        </test-method> <!-- setURL -->
        <test-method signature="addProductsToCart()[pri:0, instance:Test.addToCartTest@2a70a3d8]" started-at="2021-03-12T08:15:31 IST" name="addProductsToCart" finished-at="2021-03-12T08:15:43 IST" duration-ms="11631" status="PASS">
          <reporter-output>
          </reporter-output>
        </test-method> <!-- addProductsToCart -->
        <test-method is-config="true" signature="tearDown()[pri:0, instance:Test.addToCartTest@2a70a3d8]" started-at="2021-03-12T08:15:43 IST" name="tearDown" finished-at="2021-03-12T08:15:43 IST" duration-ms="92" status="PASS">
          <reporter-output>
          </reporter-output>
        </test-method> <!-- tearDown -->
      </class> <!-- Test.addToCartTest -->
      <class name="Test.clearCartTest">
        <test-method is-config="true" signature="setDriver()[pri:0, instance:Test.clearCartTest@c81cdd1]" started-at="2021-03-12T08:14:51 IST" name="setDriver" finished-at="2021-03-12T08:14:53 IST" duration-ms="2417" status="PASS">
          <reporter-output>
          </reporter-output>
        </test-method> <!-- setDriver -->
        <test-method is-config="true" signature="setURL()[pri:0, instance:Test.clearCartTest@c81cdd1]" started-at="2021-03-12T08:14:53 IST" name="setURL" finished-at="2021-03-12T08:14:56 IST" duration-ms="2980" status="PASS">
          <reporter-output>
          </reporter-output>
        </test-method> <!-- setURL -->
        <test-method signature="removeItemsFromCart()[pri:0, instance:Test.clearCartTest@c81cdd1]" started-at="2021-03-12T08:14:56 IST" name="removeItemsFromCart" finished-at="2021-03-12T08:15:16 IST" duration-ms="19969" status="PASS">
          <reporter-output>
          </reporter-output>
        </test-method> <!-- removeItemsFromCart -->
        <test-method is-config="true" signature="tearDown()[pri:0, instance:Test.clearCartTest@c81cdd1]" started-at="2021-03-12T08:15:16 IST" name="tearDown" finished-at="2021-03-12T08:15:16 IST" duration-ms="95" status="PASS">
          <reporter-output>
          </reporter-output>
        </test-method> <!-- tearDown -->
      </class> <!-- Test.clearCartTest -->
      <class name="Test.verifySearchTest">
        <test-method is-config="true" signature="setDriver()[pri:0, instance:Test.verifySearchTest@1fc2b765]" started-at="2021-03-12T08:15:16 IST" name="setDriver" finished-at="2021-03-12T08:15:18 IST" duration-ms="1222" status="PASS">
          <reporter-output>
          </reporter-output>
        </test-method> <!-- setDriver -->
        <test-method is-config="true" signature="setURL()[pri:0, instance:Test.verifySearchTest@1fc2b765]" started-at="2021-03-12T08:15:18 IST" name="setURL" finished-at="2021-03-12T08:15:20 IST" duration-ms="2256" status="PASS">
          <reporter-output>
          </reporter-output>
        </test-method> <!-- setURL -->
        <test-method signature="searchRuby()[pri:0, instance:Test.verifySearchTest@1fc2b765]" started-at="2021-03-12T08:15:20 IST" name="searchRuby" finished-at="2021-03-12T08:15:22 IST" duration-ms="2497" status="PASS">
          <reporter-output>
          </reporter-output>
        </test-method> <!-- searchRuby -->
        <test-method is-config="true" signature="tearDown()[pri:0, instance:Test.verifySearchTest@1fc2b765]" started-at="2021-03-12T08:15:22 IST" name="tearDown" finished-at="2021-03-12T08:15:22 IST" duration-ms="97" status="PASS">
          <reporter-output>
          </reporter-output>
        </test-method> <!-- tearDown -->
      </class> <!-- Test.verifySearchTest -->
      <class name="Test.verifyLoginTest">
        <test-method is-config="true" signature="setDriver()[pri:0, instance:Test.verifyLoginTest@289d1c02]" started-at="2021-03-12T08:15:43 IST" name="setDriver" finished-at="2021-03-12T08:15:44 IST" duration-ms="979" status="PASS">
          <reporter-output>
          </reporter-output>
        </test-method> <!-- setDriver -->
        <test-method is-config="true" signature="setURL()[pri:0, instance:Test.verifyLoginTest@289d1c02]" started-at="2021-03-12T08:15:44 IST" name="setURL" finished-at="2021-03-12T08:15:47 IST" duration-ms="2537" status="PASS">
          <reporter-output>
          </reporter-output>
        </test-method> <!-- setURL -->
        <test-method signature="login()[pri:0, instance:Test.verifyLoginTest@289d1c02]" started-at="2021-03-12T08:15:47 IST" name="login" finished-at="2021-03-12T08:15:51 IST" duration-ms="4166" status="PASS">
          <reporter-output>
            <line>
              <![CDATA[<img src='/Users/neethamariamathew/FrameworkSample/20210312_081547.png']]>
            </line>
          </reporter-output>
        </test-method> <!-- login -->
        <test-method is-config="true" signature="tearDown()[pri:0, instance:Test.verifyLoginTest@289d1c02]" started-at="2021-03-12T08:15:51 IST" name="tearDown" finished-at="2021-03-12T08:15:51 IST" duration-ms="95" status="PASS">
          <reporter-output>
          </reporter-output>
        </test-method> <!-- tearDown -->
      </class> <!-- Test.verifyLoginTest -->
      <class name="Test.verifyFilterTest">
        <test-method is-config="true" signature="setDriver()[pri:0, instance:Test.verifyFilterTest@75881071]" started-at="2021-03-12T08:15:22 IST" name="setDriver" finished-at="2021-03-12T08:15:23 IST" duration-ms="1028" status="PASS">
          <reporter-output>
          </reporter-output>
        </test-method> <!-- setDriver -->
        <test-method is-config="true" signature="setURL()[pri:0, instance:Test.verifyFilterTest@75881071]" started-at="2021-03-12T08:15:23 IST" name="setURL" finished-at="2021-03-12T08:15:25 IST" duration-ms="2006" status="PASS">
          <reporter-output>
          </reporter-output>
        </test-method> <!-- setURL -->
        <test-method signature="Filter()[pri:0, instance:Test.verifyFilterTest@75881071]" started-at="2021-03-12T08:15:25 IST" name="Filter" finished-at="2021-03-12T08:15:28 IST" duration-ms="2244" status="PASS">
          <reporter-output>
          </reporter-output>
        </test-method> <!-- Filter -->
        <test-method is-config="true" signature="tearDown()[pri:0, instance:Test.verifyFilterTest@75881071]" started-at="2021-03-12T08:15:28 IST" name="tearDown" finished-at="2021-03-12T08:15:28 IST" duration-ms="90" status="PASS">
          <reporter-output>
          </reporter-output>
        </test-method> <!-- tearDown -->
      </class> <!-- Test.verifyFilterTest -->
    </test> <!-- Command line test -->
  </suite> <!-- Command line suite -->
</testng-results>
